<?xml version="1.0" encoding="utf-8"?><testsuites><testsuite name="pytest" errors="0" failures="0" skipped="0" tests="12" time="0.620" timestamp="2025-03-05T19:34:42.555395+05:30" hostname="LazyArrogance"><testcase classname="test_circle.TestCircle" name="test_area" time="0.001" /><testcase classname="test_circle.TestCircle" name="test_perimeter" time="0.001" /><testcase classname="test_rectangle" name="test_area" time="0.000" /><testcase classname="test_rectangle" name="test_perimeter" time="0.000" /><testcase classname="test_rectangle" name="test_different_rectangles" time="0.000" /><testcase classname="test_service" name="test_get_user_from_db" time="0.001" /><testcase classname="test_service" name="test_get_users" time="0.001" /><testcase classname="test_service" name="test_get_users_error" time="0.001" /><testcase classname="test_square" name="test_multiple_square_area[4-16]" time="0.000" /><testcase classname="test_square" name="test_multiple_square_area[5-25]" time="0.000" /><testcase classname="test_square" name="test_multiple_square_perimeter[4-16]" time="0.000" /><testcase classname="test_square" name="test_multiple_square_perimeter[5-20]" time="0.000" /></testsuite></testsuites>